nohup: ignoring input
npm warn Unknown builtin config "globalignorefile". This will stop working in the next major version of npm.

> ecosphere@0.1.0 start
> next start

 ⨯ Failed to start server
Error: listen EADDRINUSE: address already in use :::3000
    at Server.setupListenHandle [as _listen2] (node:net:1940:16)
    at listenInCluster (node:net:1997:12)
    at Server.listen (node:net:2102:7)
    at /home/said/projects/ecosphere/node_modules/next/dist/server/lib/start-server.js:280:16
    at new Promise (<anonymous>)
    at startServer (/home/said/projects/ecosphere/node_modules/next/dist/server/lib/start-server.js:191:11)
    at Module.nextStart (/home/said/projects/ecosphere/node_modules/next/dist/cli/next-start.js:25:40)
    at /home/said/projects/ecosphere/node_modules/next/dist/bin/next:105:856 {
  code: 'EADDRINUSE',
  errno: -98,
  syscall: 'listen',
  address: '::',
  port: 3000
}
